<?xml version="1.0" encoding="UTF-8"?>
<!-- Generated by org.testng.reporters.JUnitReportReporter -->
<testsuite hostname="KSRINIVASAN-HP" name="automation.TestRunner" tests="3" failures="0" timestamp="16 Apr 2020 13:44:44 GMT" time="80.352" errors="0">
  <testcase name="runScenario" time="17.036" classname="automation.TestRunner"/>
  <testcase name="runScenario" time="37.561" classname="automation.TestRunner"/>
  <testcase name="runScenario" time="25.755" classname="automation.TestRunner"/>
</testsuite> <!-- automation.TestRunner -->
