<?xml version="1.0" encoding="UTF-8"?>
<!-- Generated by org.testng.reporters.JUnitReportReporter -->
<testsuite hostname="KSRINIVASAN-HP" name="automation.TestRunner" tests="3" failures="0" timestamp="16 Apr 2020 13:49:34 GMT" time="74.330" errors="0">
  <testcase name="runScenario" time="17.565" classname="automation.TestRunner"/>
  <testcase name="runScenario" time="23.633" classname="automation.TestRunner"/>
  <testcase name="runScenario" time="33.132" classname="automation.TestRunner"/>
</testsuite> <!-- automation.TestRunner -->
